<?xml version="1.0" encoding="UTF-8"?><testsuite errors="0" failures="0" name="com.bestbuywk16.categoriesinfo.CategoriesCRUDTestwithSteps" skipped="0" tests="4" time="6.52" timestamp="2023-03-01T16:37:08.509Z[Europe/London]"><testcase classname="com.bestbuywk16.categoriesinfo.CategoriesCRUDTestwithSteps" name="This will create a new category"/><testcase classname="com.bestbuywk16.categoriesinfo.CategoriesCRUDTestwithSteps" name="verify if category is created"/><testcase classname="com.bestbuywk16.categoriesinfo.CategoriesCRUDTestwithSteps" name="update the user information"/><testcase classname="com.bestbuywk16.categoriesinfo.CategoriesCRUDTestwithSteps" name="Delete student info by StudentID and verify its deleted"/></testsuite>