<?xml version="1.0" encoding="UTF-8"?><testsuite errors="0" failures="0" name="Testing different request on Best Buy stores." skipped="0" tests="4" time="5.63" timestamp="2023-03-08T23:39:41.275Z[Europe/London]"><testcase name="check if the store list can be accessed by users"/><testcase name="Create new stores and verify is been added"/><testcase name="Check if the name of store has been updated and verify updated information"/><testcase name="Check if the store has been deleted by id and verify deleted information"/></testsuite>