<?xml version="1.0" encoding="UTF-8"?><testsuite errors="0" failures="0" name="com.bestbuywk16.storesinfo.StoreCRUDTestwithSteps" skipped="0" tests="4" time="4.54" timestamp="2023-03-01T17:08:20.060Z[Europe/London]"><testcase classname="com.bestbuywk16.storesinfo.StoreCRUDTestwithSteps" name="This will create a new stores"/><testcase classname="com.bestbuywk16.storesinfo.StoreCRUDTestwithSteps" name="verify if the store is created"/><testcase classname="com.bestbuywk16.storesinfo.StoreCRUDTestwithSteps" name="update the stores information"/><testcase classname="com.bestbuywk16.storesinfo.StoreCRUDTestwithSteps" name="Delete store info by StoreId and verify its deleted"/></testsuite>