<?xml version="1.0" encoding="UTF-8"?><testsuite errors="0" failures="0" name="com.bestbuywk16.productinfo.ProductCRUDTestwithSteps" skipped="0" tests="4" time="4.73" timestamp="2023-03-01T19:59:19.161Z[Europe/London]"><testcase classname="com.bestbuywk16.productinfo.ProductCRUDTestwithSteps" name="This will create a new products"/><testcase classname="com.bestbuywk16.productinfo.ProductCRUDTestwithSteps" name="verify if the product is created"/><testcase classname="com.bestbuywk16.productinfo.ProductCRUDTestwithSteps" name="update the products information"/><testcase classname="com.bestbuywk16.productinfo.ProductCRUDTestwithSteps" name="Delete store info by StoreId and verify its deleted"/></testsuite>