<?xml version="1.0" encoding="UTF-8"?><testsuite errors="0" failures="0" name="com.bestbuywk16.serviceinfo.ServiceCRUDTestwithSteps" skipped="0" tests="4" time="3.97" timestamp="2023-03-01T17:15:32.627Z[Europe/London]"><testcase classname="com.bestbuywk16.serviceinfo.ServiceCRUDTestwithSteps" name="This will create a new service"/><testcase classname="com.bestbuywk16.serviceinfo.ServiceCRUDTestwithSteps" name="verify if service is created"/><testcase classname="com.bestbuywk16.serviceinfo.ServiceCRUDTestwithSteps" name="update the service information"/><testcase classname="com.bestbuywk16.serviceinfo.ServiceCRUDTestwithSteps" name="Delete service info  and verify its deleted"/></testsuite>