<?xml version="1.0" encoding="UTF-8"?><testsuite errors="1" failures="0" name="com.bestbuywk16.categoriesinfo.CategoriesCRUDTestwithSteps" skipped="0" tests="1" time="2.69" timestamp="2023-03-01T00:27:20.701Z[Europe/London]"><testcase classname="com.bestbuywk16.categoriesinfo.CategoriesCRUDTestwithSteps" name="Delete student info by StudentID and verify its deleted"><error message="parameterValue cannot be null" type="java.lang.IllegalArgumentException">parameterValue cannot be null</error><system-err>parameterValue cannot be null&#13;
io.restassured.internal.assertion.AssertParameter.notNull(AssertParameter.groovy:26)&#13;
io.restassured.internal.RequestSpecificationImpl.pathParameter(RequestSpecificationImpl.groovy:560)&#13;
groovy.lang.MetaMethod.doMethodInvoke(MetaMethod.java:325)&#13;
groovy.lang.MetaClassImpl.invokeMethod(MetaClassImpl.java:1213)&#13;
groovy.lang.MetaClassImpl.invokeMethod(MetaClassImpl.java:1022)&#13;
groovy.lang.MetaClassImpl.invokeMethod(MetaClassImpl.java:810)&#13;
io.restassured.internal.RequestSpecificationImpl.invokeMethod(RequestSpecificationImpl.groovy)&#13;
io.restassured.internal.RequestSpecificationImpl.pathParam(RequestSpecificationImpl.groovy:578)&#13;
net.serenitybdd.rest.decorators.request.RequestSpecificationParametersConfigurations.pathParam(RequestSpecificationParametersConfigurations.java:188)&#13;
net.serenitybdd.rest.decorators.request.RequestSpecificationDecorated.pathParam(RequestSpecificationDecorated.java:27)&#13;
com.bestbuywk16.categoriesinfo.CategoriesSteps.deleteCategoriesInfoByID(CategoriesSteps.java:68)&#13;
com.bestbuywk16.categoriesinfo.CategoriesCRUDTestwithSteps.test004(CategoriesCRUDTestwithSteps.java:59)&#13;
</system-err></testcase></testsuite>