<?xml version="1.0" encoding="UTF-8"?><testsuite errors="0" failures="0" name="Testing different request on Best Buy Services." skipped="0" tests="4" time="5.05" timestamp="2023-03-08T22:29:37.107Z[Europe/London]"><testcase name="check if the services list can be accessed by users"/><testcase name="Create new services and verify is been added"/><testcase name="Check if the name of services has been updated and verify updated information"/><testcase name="Check if the services has been deleted by id and verify deleted information"/></testsuite>