<?xml version="1.0" encoding="UTF-8"?><testsuite errors="0" failures="0" name="Testing different request on BestBuy Products" skipped="0" tests="4" time="8.12" timestamp="2023-03-08T14:13:26.065Z[Europe/London]"><testcase name="check if the product list is accessed by users"/><testcase name="creating new product and verify it is added"/><testcase name="check if the name of new product is updated and verify the information"/><testcase name="check if the product has been deleted by id and verify if deleted"/></testsuite>